0 info it worked if it ends with ok
1 verbose cli [ 'node', '/usr/local/bin/npm', 'version', '1.0.1' ]
2 info using npm@3.3.5
3 info using node@v0.12.6
4 verbose node symlink /usr/local/bin/node
5 info git [ 'status', '--porcelain' ]
6 verbose stack Error: Git working directory not clean.
6 verbose stack M package.json
6 verbose stack D readme.txt
6 verbose stack     at /usr/local/lib/node_modules/npm/lib/version.js:172:21
6 verbose stack     at ChildProcess.exithandler (child_process.js:742:7)
6 verbose stack     at ChildProcess.emit (events.js:110:17)
6 verbose stack     at maybeClose (child_process.js:1015:16)
6 verbose stack     at Socket.<anonymous> (child_process.js:1183:11)
6 verbose stack     at Socket.emit (events.js:107:17)
6 verbose stack     at Pipe.close (net.js:485:12)
7 verbose cwd /Users/nathangell/npm
8 error Darwin 14.5.0
9 error argv "node" "/usr/local/bin/npm" "version" "1.0.1"
10 error node v0.12.6
11 error npm  v3.3.5
12 error Git working directory not clean.
12 error M package.json
12 error D readme.txt
13 error If you need help, you may report this error at:
13 error     <https://github.com/npm/npm/issues>
14 verbose exit [ 1, true ]
